<?xml version="1.0" encoding="UTF-8"?>
<!-- Generated by org.testng.reporters.JUnitReportReporter -->
<testsuite skipped="0" hostname="Personal-PC" name="arry_list.ExcelReading" tests="1" failures="0" timestamp="08 Dec 2017 14:13:00 GMT" time="29.050" errors="0">
  <testcase name="LaunchBrowser" time="29.050" classname="arry_list.ExcelReading"/>
</testsuite> <!-- arry_list.ExcelReading -->
